<?xml version="1.0" encoding="UTF-8"?>
<!-- Generated by org.testng.reporters.JUnitReportReporter -->
<testsuite skipped="0" hostname="CAPAGS-EC1681" name="qaJairoMvn.TextTwoTest" tests="2" failures="0" timestamp="2020-02-18T17:47:24 CST" time="0.000" errors="0">
  <testcase name="methodone" time="0.000" classname="qaJairoMvn.TextTwoTest"/>
  <testcase name="methodtwo" time="0.000" classname="qaJairoMvn.TextTwoTest"/>
</testsuite> <!-- qaJairoMvn.TextTwoTest -->
