<?xml version="1.0" encoding="UTF-8"?>
<!-- Generated by org.testng.reporters.JUnitReportReporter -->
<testsuite skipped="0" hostname="CAPAGS-EC1681" name="qaJairoMvn.AppTest" tests="1" failures="0" timestamp="2020-02-18T17:47:24 CST" time="0.001" errors="0">
  <testcase name="testApp" time="0.001" classname="qaJairoMvn.AppTest"/>
</testsuite> <!-- qaJairoMvn.AppTest -->
