<?xml version="1.0" encoding="UTF-8"?>
<!-- Generated by org.testng.reporters.JUnitReportReporter -->
<testsuite hostname="CAPAGS-EC1681" failures="0" tests="2" name="qaJairoMvn.TextTwoTest" time="0.013" errors="0" timestamp="2020-01-23T17:33:02 CST" skipped="0">
  <testcase classname="qaJairoMvn.TextTwoTest" name="methodone" time="0.010"/>
  <testcase classname="qaJairoMvn.TextTwoTest" name="methodtwo" time="0.003"/>
</testsuite> <!-- qaJairoMvn.TextTwoTest -->
