<?xml version="1.0" encoding="UTF-8"?>
<!-- Generated by org.testng.reporters.JUnitReportReporter -->
<testsuite skipped="0" hostname="CAPAGS-EC1681" name="qaJairoMvn.TextTest" tests="2" failures="0" timestamp="2020-02-18T13:28:24 CST" time="0.015" errors="0">
  <testcase name="methodtwo" time="0.001" classname="qaJairoMvn.TextTest"/>
  <testcase name="methodone" time="0.014" classname="qaJairoMvn.TextTest"/>
</testsuite> <!-- qaJairoMvn.TextTest -->
